FIRA_APP/build/app/outputs/mapping/release/mapping.txt
# compiler: R8
# compiler_version: 1.5.64
# min_api: 16
# pg_map_id: 4a78826
fira.fira.MainActivity -> fira.fira.MainActivity:
    void configureFlutterEngine(io.flutter.embedding.engine.FlutterEngine) -> b
...
androidx.arch.core.executor.ArchTaskExecutor -> a.a.a.a.a:
    androidx.arch.core.executor.ArchTaskExecutor sInstance -> c
    androidx.arch.core.executor.TaskExecutor mDefaultTaskExecutor -> b
    androidx.arch.core.executor.TaskExecutor mDelegate -> a
    void executeOnDiskIO(java.lang.Runnable) -> a
    boolean isMainThread() -> a
    androidx.arch.core.executor.ArchTaskExecutor getInstance() -> b
    void postToMainThread(java.lang.Runnable) -> b
androidx.arch.core.executor.ArchTaskExecutor$1 -> a.a.a.a.a$a:
androidx.arch.core.executor.ArchTaskExecutor$2 -> a.a.a.a.a$b:
androidx.arch.core.executor.DefaultTaskExecutor -> a.a.a.a.b:
    android.os.Handler mMainHandler -> c
    java.lang.Object mLock -> a
    java.util.concurrent.ExecutorService mDiskIO -> b
    void executeOnDiskIO(java.lang.Runnable) -> a
    boolean isMainThread() -> a
    void postToMainThread(java.lang.Runnable) -> b
androidx.arch.core.executor.DefaultTaskExecutor$1 -> a.a.a.a.b$a:
    java.util.concurrent.atomic.AtomicInteger mThreadId -> b
androidx.arch.core.executor.TaskExecutor -> a.a.a.a.c:
    void executeOnDiskIO(java.lang.Runnable) -> a
    boolean isMainThread() -> a
    void postToMainThread(java.lang.Runnable) -> b
androidx.arch.core.internal.FastSafeIterableMap -> a.a.a.b.a:
    java.util.HashMap mHashMap -> f
    androidx.arch.core.internal.SafeIterableMap$Entry get(java.lang.Object) -> b
    java.lang.Object putIfAbsent(java.lang.Object,java.lang.Object) -> b
    java.util.Map$Entry ceil(java.lang.Object) -> c
androidx.arch.core.internal.SafeIterableMap -> a.a.a.b.b:
    androidx.arch.core.internal.SafeIterableMap$Entry mStart -> b
    androidx.arch.core.internal.SafeIterableMap$Entry mEnd -> c
    java.util.WeakHashMap mIterators -> d
    int mSize -> e
    java.util.Map$Entry eldest() -> a
    androidx.arch.core.internal.SafeIterableMap$Entry put(java.lang.Object,java.lang.Object) -> a
    androidx.arch.core.internal.SafeIterableMap$Entry get(java.lang.Object) -> b
    androidx.arch.core.internal.SafeIterableMap$IteratorWithAdditions iteratorWithAdditions() -> b
    java.lang.Object putIfAbsent(java.lang.Object,java.lang.Object) -> b
    java.util.Map$Entry newest() -> c
androidx.arch.core.internal.SafeIterableMap$AscendingIterator -> a.a.a.b.b$a:
    androidx.arch.core.internal.SafeIterableMap$Entry backward(androidx.arch.core.internal.SafeIterableMap$Entry) -> b
    androidx.arch.core.internal.SafeIterableMap$Entry forward(androidx.arch.core.internal.SafeIterableMap$Entry) -> c
androidx.arch.core.internal.SafeIterableMap$DescendingIterator -> a.a.a.b.b$b:
    androidx.arch.core.internal.SafeIterableMap$Entry backward(androidx.arch.core.internal.SafeIterableMap$Entry) -> b
    androidx.arch.core.internal.SafeIterableMap$Entry forward(androidx.arch.core.internal.SafeIterableMap$Entry) -> c
androidx.arch.core.internal.SafeIterableMap$Entry -> a.a.a.b.b$c:
    androidx.arch.core.internal.SafeIterableMap$Entry mNext -> d
    androidx.arch.core.internal.SafeIterableMap$Entry mPrevious -> e
    java.lang.Object mKey -> b
    java.lang.Object mValue -> c
androidx.arch.core.internal.SafeIterableMap$IteratorWithAdditions -> a.a.a.b.b$d:
    androidx.arch.core.internal.SafeIterableMap$Entry mCurrent -> b
    androidx.arch.core.internal.SafeIterableMap this$0 -> d
    boolean mBeforeStart -> c
    void supportRemove(androidx.arch.core.internal.SafeIterableMap$Entry) -> a